<?xml version="1.0" encoding="UTF-8"?>
<testng-results ignored="0" total="1" passed="1" failed="0" skipped="0">
  <reporter-output>
  </reporter-output>
  <suite started-at="2025-02-25T01:30:50 IST" name="Parallel Cucumber Tests" finished-at="2025-02-25T01:31:35 IST" duration-ms="45277">
    <groups>
      <group name="cucumber">
        <method signature="AbstractTestNGCucumberTests.runScenario(io.cucumber.testng.PickleWrapper,io.cucumber.testng.FeatureWrapper)[pri:0, instance:Runner.Runner@1f59a598]" name="runScenario" class="io.cucumber.testng.AbstractTestNGCucumberTests"/>
      </group> <!-- cucumber -->
    </groups>
    <test started-at="2025-02-25T01:30:50 IST" name="Chrome Test" finished-at="2025-02-25T01:31:35 IST" duration-ms="45277">
      <class name="Runner.Runner">
        <test-method is-config="true" signature="setUpClass(org.testng.ITestContext)[pri:0, instance:Runner.Runner@1f59a598]" started-at="2025-02-25T01:30:50 IST" name="setUpClass" finished-at="2025-02-25T01:30:51 IST" duration-ms="698" status="PASS">
          <params>
            <param index="0">
              <value>
                <![CDATA[org.testng.TestRunner@4da4253]]>
              </value>
            </param>
          </params>
          <reporter-output>
          </reporter-output>
        </test-method> <!-- setUpClass -->
        <test-method is-config="true" signature="setBrowser(java.lang.String)[pri:0, instance:Runner.Runner@1f59a598]" started-at="2025-02-25T01:30:51 IST" name="setBrowser" finished-at="2025-02-25T01:30:51 IST" duration-ms="0" status="PASS">
          <params>
            <param index="0">
              <value>
                <![CDATA[chrome]]>
              </value>
            </param>
          </params>
          <reporter-output>
          </reporter-output>
        </test-method> <!-- setBrowser -->
        <test-method signature="runScenario(io.cucumber.testng.PickleWrapper,io.cucumber.testng.FeatureWrapper)[pri:0, instance:Runner.Runner@1f59a598]" started-at="2025-02-25T01:30:51 IST" name="runScenario" description="Runs Cucumber Scenarios" data-provider="scenarios" finished-at="2025-02-25T01:31:31 IST" duration-ms="40183" status="PASS">
          <params>
            <param index="0">
              <value>
                <![CDATA["Filter functionality of SwagsLab website"]]>
              </value>
            </param>
            <param index="1">
              <value>
                <![CDATA["Login feature of SwagsLab"]]>
              </value>
            </param>
          </params>
          <reporter-output>
          </reporter-output>
        </test-method> <!-- runScenario -->
        <test-method is-config="true" signature="tearDownClass()[pri:0, instance:Runner.Runner@1f59a598]" started-at="2025-02-25T01:31:31 IST" name="tearDownClass" finished-at="2025-02-25T01:31:35 IST" duration-ms="4360" status="PASS">
          <reporter-output>
          </reporter-output>
        </test-method> <!-- tearDownClass -->
      </class> <!-- Runner.Runner -->
    </test> <!-- Chrome Test -->
  </suite> <!-- Parallel Cucumber Tests -->
</testng-results>
